2023.06.18 16:54:07 INFO  Started: Metals version 0.11.12 in workspace 'C:\Users\bilk7\OneDrive\Bureau\Cours\PWeb\Projet\projet_blablacar' for client Visual Studio Code 1.79.2.
juin 18, 2023 4:54:07 PM org.flywaydb.core.internal.license.VersionPrinter printVersionOnly
INFO: Flyway Community Edition 9.16.3 by Redgate
juin 18, 2023 4:54:07 PM org.flywaydb.core.internal.license.VersionPrinter printVersion
INFO: See release notes here: https://rd.gt/416ObMi
juin 18, 2023 4:54:07 PM org.flywaydb.core.internal.license.VersionPrinter printVersion
INFO: 
juin 18, 2023 4:54:07 PM org.flywaydb.core.internal.database.base.BaseDatabaseType createDatabase
INFO: Database: jdbc:h2:file:C:\Users\bilk7\OneDrive\Bureau\Cours\PWeb\Projet\projet_blablacar\.metals\metals (H2 2.1)
juin 18, 2023 4:54:07 PM org.flywaydb.core.internal.schemahistory.JdbcTableSchemaHistory allAppliedMigrations
INFO: Schema history table "PUBLIC"."flyway_schema_history" does not exist yet
juin 18, 2023 4:54:07 PM org.flywaydb.core.internal.command.DbValidate validate
INFO: Successfully validated 4 migrations (execution time 00:00.017s)
juin 18, 2023 4:54:07 PM org.flywaydb.core.internal.schemahistory.JdbcTableSchemaHistory create
INFO: Creating Schema History table "PUBLIC"."flyway_schema_history" ...
juin 18, 2023 4:54:07 PM org.flywaydb.core.internal.command.DbMigrate migrateGroup
INFO: Current version of schema "PUBLIC": << Empty Schema >>
juin 18, 2023 4:54:07 PM org.flywaydb.core.internal.command.DbMigrate doMigrateGroup
INFO: Migrating schema "PUBLIC" to version "1 - Create tables"
juin 18, 2023 4:54:07 PM org.flywaydb.core.internal.command.DbMigrate doMigrateGroup
INFO: Migrating schema "PUBLIC" to version "2 - Server discovery"
juin 18, 2023 4:54:07 PM org.flywaydb.core.internal.command.DbMigrate doMigrateGroup
INFO: Migrating schema "PUBLIC" to version "3 - Jar symbols"
juin 18, 2023 4:54:07 PM org.flywaydb.core.internal.command.DbMigrate doMigrateGroup
INFO: Migrating schema "PUBLIC" to version "4 - Fingerprints"
juin 18, 2023 4:54:07 PM org.flywaydb.core.internal.command.DbMigrate logSummary
INFO: Successfully applied 4 migrations to schema "PUBLIC", now at version v4 (execution time 00:00.049s)
2023.06.18 16:54:07 INFO  time: initialize in 0.61s
2023.06.18 16:54:09 WARN  Build server is not auto-connectable.
2023.06.18 16:54:09 WARN  no build tool detected in workspace 'C:\Users\bilk7\OneDrive\Bureau\Cours\PWeb\Projet\projet_blablacar'. The most common cause for this problem is that the editor was opened in the wrong working directory, for example if you use sbt then the workspace directory should contain build.sbt. 
